2025-03-20 18:07:23,836 - INFO - Checking section: Data Processing
2025-03-20 18:07:23,836 - INFO - Checking section: Testing & Quality
2025-03-20 18:07:23,836 - INFO - Checking section: Security & Penetration Testing
2025-03-20 18:07:23,836 - INFO - Checking section: Utilities
2025-03-20 18:07:23,836 - INFO - Checking section: Web Frameworks & Tools
2025-03-20 18:07:23,836 - INFO - Checking section: Development Tools
2025-03-20 18:07:23,836 - INFO - Checking section: System & Infrastructure
2025-03-20 18:07:23,836 - INFO - Checking section: Documentation
2025-03-20 18:07:23,836 - INFO - Checking section: Database Tools
2025-03-20 18:07:23,836 - INFO - All checks passed successfully!
2025-08-19 19:59:40,139 - INFO - Checking section: Data Processing
2025-08-19 19:59:40,139 - INFO - Checking section: Testing & Quality
2025-08-19 19:59:40,139 - INFO - Checking section: Security & Penetration Testing
2025-08-19 19:59:40,139 - INFO - Checking section: Utilities
2025-08-19 19:59:40,139 - INFO - Checking section: Web Frameworks & Tools
2025-08-19 19:59:40,139 - INFO - Checking section: Development Tools
2025-08-19 19:59:40,139 - INFO - Checking section: System & Infrastructure
2025-08-19 19:59:40,139 - INFO - Checking section: Documentation
2025-08-19 19:59:40,139 - INFO - Checking section: Database Tools
2025-08-19 19:59:40,139 - INFO - All checks passed successfully!
2025-08-19 20:06:34,341 - INFO - Checking section: Data Processing
2025-08-19 20:06:34,341 - INFO - Checking section: Testing & Quality
2025-08-19 20:06:34,341 - INFO - Checking section: Security & Penetration Testing
2025-08-19 20:06:34,341 - INFO - Checking section: Utilities
2025-08-19 20:06:34,341 - INFO - Checking section: Web Frameworks & Tools
2025-08-19 20:06:34,341 - INFO - Checking section: Development Tools
2025-08-19 20:06:34,341 - INFO - Checking section: System & Infrastructure
2025-08-19 20:06:34,341 - INFO - Checking section: Documentation
2025-08-19 20:06:34,341 - INFO - Checking section: Database Tools
2025-08-19 20:06:34,341 - INFO - All checks passed successfully!
2026-04-13 15:40:26,203 - INFO - Checking category: Data Processing
2026-04-13 15:40:26,203 - INFO - Checking category: Database Tools
2026-04-13 15:40:26,203 - INFO - Checking category: Development Tools
2026-04-13 15:40:26,203 - INFO - Checking category: Documentation
2026-04-13 15:40:26,203 - INFO - Checking category: Security & Penetration Testing
2026-04-13 15:40:26,203 - INFO - Checking category: System & Infrastructure
2026-04-13 15:40:26,203 - INFO - Checking category: Testing & Quality
2026-04-13 15:40:26,203 - INFO - Checking category: Utilities
2026-04-13 15:40:26,203 - INFO - Checking category: Web Frameworks & Tools
2026-04-13 15:40:26,203 - INFO - All checks passed successfully!
2026-04-13 15:50:47,722 - INFO - Checking category: Data Processing
2026-04-13 15:50:47,722 - INFO - Checking category: Database Tools
2026-04-13 15:50:47,723 - INFO - Checking category: Development Tools
2026-04-13 15:50:47,723 - INFO - Checking category: Documentation
2026-04-13 15:50:47,723 - INFO - Checking category: Security & Penetration Testing
2026-04-13 15:50:47,723 - INFO - Checking category: System & Infrastructure
2026-04-13 15:50:47,723 - INFO - Checking category: Testing & Quality
2026-04-13 15:50:47,723 - INFO - Checking category: Utilities
2026-04-13 15:50:47,723 - INFO - Checking category: Web Frameworks & Tools
2026-04-13 15:50:47,723 - INFO - All checks passed successfully!
